-------------------------------------------------------------------------------
Test set: com.example.technologie.TechnologieApplicationTests
-------------------------------------------------------------------------------
Tests run: 4, Failures: 2, Errors: 1, Skipped: 0, Time elapsed: 8.939 s <<< FAILURE! - in com.example.technologie.TechnologieApplicationTests
testGetSourceCodeList  Time elapsed: 0.016 s  <<< ERROR!
java.lang.NullPointerException
	at com.example.technologie.TechnologieApplicationTests.testGetSourceCodeList(TechnologieApplicationTests.java:50)

testUploadSourceCode  Time elapsed: 0.021 s  <<< FAILURE!
org.opentest4j.AssertionFailedError: expected: <File uploaded successfully: test.java> but was: <File uploaded successfully: >
	at com.example.technologie.TechnologieApplicationTests.testUploadSourceCode(TechnologieApplicationTests.java:71)

testUploadSourceCodeWithExistingFile  Time elapsed: 0.002 s  <<< FAILURE!
org.opentest4j.AssertionFailedError: expected: <File with the same name already exists in the database: test.java> but was: <null>
	at com.example.technologie.TechnologieApplicationTests.testUploadSourceCodeWithExistingFile(TechnologieApplicationTests.java:89)

